<?xml version="1.0" encoding="UTF-8"?>
<testsuite xmlns:xsi="http://www.w3.org/2001/XMLSchema-instance" xsi:noNamespaceSchemaLocation="https://maven.apache.org/surefire/maven-surefire-plugin/xsd/surefire-test-report.xsd" version="3.0.2" name="com.example.SIGR.SigrApplicationTests" time="5.366" tests="1" errors="0" skipped="0" failures="0" flakes="0">
  <properties>
[...]
</properties>
  <testcase name="contextLoads" classname="com.example.SIGR.SigrApplicationTests" time="0.338">
    <system-out><![CDATA[06:22:13.402 [main] INFO org.springframework.test.context.support.AnnotationConfigContextLoaderUtils -- Could not detect default configuration classes for test class [com.example.SIGR.SigrApplicationTests]: SigrApplicationTests does not declare any static, non-private, non-final, nested classes annotated with @Configuration.
06:22:13.476 [main] INFO org.springframework.boot.test.context.SpringBootTestContextBootstrapper -- Found @SpringBootConfiguration com.example.SIGR.SigrApplication for test class com.example.SIGR.SigrApplicationTests
06:22:13.532 [main] INFO org.springframework.test.context.support.AnnotationConfigContextLoaderUtils -- Could not detect default configuration classes for test class [com.example.SIGR.SigrApplicationTests]: SigrApplicationTests does not declare any static, non-private, non-final, nested classes annotated with @Configuration.
06:22:13.534 [main] INFO org.springframework.boot.test.context.SpringBootTestContextBootstrapper -- Found @SpringBootConfiguration com.example.SIGR.SigrApplication for test class com.example.SIGR.SigrApplicationTests

  .   ____          _            __ _ _
 /\\ / ___'_ __ _ _(_)_ __  __ _ \ \ \ \
( ( )\___ | '_ | '_| | '_ \/ _` | \ \ \ \
 \\/  ___)| |_)| | | | | || (_| |  ) ) ) )
  '  |____| .__|_| |_|_| |_\__, | / / / /
 =========|_|==============|___/=/_/_/_/

 :: Spring Boot ::                (v4.0.6)

2026-05-11T06:22:13.777+01:00  INFO 194384 --- [SIGR] [           main] com.example.SIGR.SigrApplicationTests    : Starting SigrApplicationTests using Java 17.0.18 with PID 194384 (started by ulrich in /home/ulrich/Téléchargements/SIGR)
2026-05-11T06:22:13.778+01:00  INFO 194384 --- [SIGR] [           main] com.example.SIGR.SigrApplicationTests    : No active profile set, falling back to 1 default profile: "default"
2026-05-11T06:22:14.541+01:00  INFO 194384 --- [SIGR] [           main] .s.d.r.c.RepositoryConfigurationDelegate : Bootstrapping Spring Data JPA repositories in DEFAULT mode.
2026-05-11T06:22:14.629+01:00  INFO 194384 --- [SIGR] [           main] .s.d.r.c.RepositoryConfigurationDelegate : Finished Spring Data repository scanning in 77 ms. Found 13 JPA repository interfaces.
2026-05-11T06:22:15.050+01:00  INFO 194384 --- [SIGR] [           main] org.hibernate.orm.jpa                    : HHH008540: Processing PersistenceUnitInfo [name: default]
2026-05-11T06:22:15.083+01:00  INFO 194384 --- [SIGR] [           main] org.hibernate.orm.core                   : HHH000001: Hibernate ORM core version 7.2.12.Final
2026-05-11T06:22:15.410+01:00  INFO 194384 --- [SIGR] [           main] o.s.o.j.p.SpringPersistenceUnitInfo      : No LoadTimeWeaver setup: ignoring JPA class transformer
2026-05-11T06:22:15.431+01:00  INFO 194384 --- [SIGR] [           main] com.zaxxer.hikari.HikariDataSource       : HikariPool-1 - Starting...
2026-05-11T06:22:15.639+01:00  INFO 194384 --- [SIGR] [           main] com.zaxxer.hikari.pool.HikariPool        : HikariPool-1 - Added connection org.postgresql.jdbc.PgConnection@7adbec34
2026-05-11T06:22:15.641+01:00  INFO 194384 --- [SIGR] [           main] com.zaxxer.hikari.HikariDataSource       : HikariPool-1 - Start completed.
2026-05-11T06:22:15.693+01:00  INFO 194384 --- [SIGR] [           main] org.hibernate.orm.connections.pooling    : HHH10001005: Database info:
	Database JDBC URL [jdbc:postgresql://localhost:5432/sigr]
	Database driver: PostgreSQL JDBC Driver
	Database dialect: PostgreSQLDialect
	Database version: 18.3
	Default catalog/schema: sigr/public
	Autocommit mode: undefined/unknown
	Isolation level: READ_COMMITTED [default READ_COMMITTED]
	JDBC fetch size: none
	Pool: DataSourceConnectionProvider
	Minimum pool size: undefined/unknown
	Maximum pool size: undefined/unknown
2026-05-11T06:22:16.559+01:00  INFO 194384 --- [SIGR] [           main] org.hibernate.orm.core                   : HHH000489: No JTA platform available (set 'hibernate.transaction.jta.platform' to enable JTA platform integration)
2026-05-11T06:22:16.616+01:00  INFO 194384 --- [SIGR] [           main] j.LocalContainerEntityManagerFactoryBean : Initialized JPA EntityManagerFactory for persistence unit 'default'
2026-05-11T06:22:16.684+01:00  INFO 194384 --- [SIGR] [           main] o.s.d.j.r.query.QueryEnhancerFactories   : Hibernate is in classpath; If applicable, HQL parser will be used.
2026-05-11T06:22:17.167+01:00  INFO 194384 --- [SIGR] [           main] r$InitializeUserDetailsManagerConfigurer : Global AuthenticationManager configured with UserDetailsService bean with name customUserDetailsService
2026-05-11T06:22:17.258+01:00  WARN 194384 --- [SIGR] [           main] JpaBaseConfiguration$JpaWebConfiguration : spring.jpa.open-in-view is enabled by default. Therefore, database queries may be performed during view rendering. Explicitly configure spring.jpa.open-in-view to disable this warning
2026-05-11T06:22:17.707+01:00  WARN 194384 --- [SIGR] [           main] ion$DefaultTemplateResolverConfiguration : Cannot find template location: classpath:/templates/ (please add some templates, check your Thymeleaf configuration, or set spring.thymeleaf.check-template-location=false)
2026-05-11T06:22:17.975+01:00  INFO 194384 --- [SIGR] [           main] com.example.SIGR.SigrApplicationTests    : Started SigrApplicationTests in 4.393 seconds (process running for 5.214)
Hibernate: 
    select
        a1_0.id_agent 
    from
        agent a1_0 
    where
        a1_0.matricule_agent=? 
    fetch
        first ? rows only
]]></system-out>
  </testcase>
</testsuite>